<?xml version="1.0" encoding="UTF-8"?>
<!-- Generated by org.testng.reporters.JUnitReportReporter -->
<testsuite skipped="0" hostname="itp-wks0289" name="com.test.SampleProject" tests="4" failures="0" timestamp="24 Jul 2019 07:26:17 GMT" time="7.765" errors="0">
  <testcase name="createEmployee" time="3.119" classname="com.test.SampleProject"/>
  <testcase name="deleteEmployee" time="0.727" classname="com.test.SampleProject"/>
  <testcase name="mailsend" time="3.191" classname="com.test.SampleProject"/>
  <testcase name="updateEmployee" time="0.728" classname="com.test.SampleProject"/>
</testsuite> <!-- com.test.SampleProject -->
