<?xml version="1.0" encoding="UTF-8"?>
<!-- Generated by org.testng.reporters.JUnitReportReporter -->
<testsuite skipped="0" hostname="itp-wks0233" name="com.test.SampleProject" tests="6" failures="0" timestamp="23 Jul 2019 11:51:10 GMT" time="8.138" errors="0">
  <testcase name="updateEmployee" time="0.790" classname="com.test.SampleProject"/>
  <testcase name="createEmployee" time="2.265" classname="com.test.SampleProject"/>
  <testcase name="testSerialization" time="0.828" classname="com.test.SampleProject"/>
  <testcase name="deleteEmployee" time="0.795" classname="com.test.SampleProject"/>
  <testcase name="testDeSerialization" time="0.866" classname="com.test.SampleProject"/>
  <testcase name="mailsend" time="2.594" classname="com.test.SampleProject"/>
</testsuite> <!-- com.test.SampleProject -->
